         w __deregister_frame_info
         w __register_frame_info
         w userAppExit
         w userAppInit
00000000 00000802 B __ctru_dev_utf16_buf
00000000 a shift
00000000 a shift
00000000 A __sync_synchronize
00000000 b _TLS_MODULE_BASE_
00000804 00000401 B __ctru_dev_path_buf
00100000 A __start__
00100000 T _start
00100008 T __service_ptr
0010000c T __apt_appid
00100010 T __heap_size
00100014 T __linear_heap_size
00100018 T __system_arglist
0010001c T __system_runflags
00100020 t startup
00100058 t ClearMem
0010006c t ClrLoop
00100094 T _init
001000ac T __aeabi_uidiv
001000ac 000001ec T __udivsi3
001000ac t .udivsi3_skip_div0_test
00100298 00000020 T __aeabi_uidivmod
001002b8 T __aeabi_idiv
001002b8 00000220 T __divsi3
001002c0 t .divsi3_skip_div0_test
001004d8 00000020 T __aeabi_idivmod
001004f8 00000004 W __aeabi_idiv0
001004f8 00000004 W __aeabi_ldiv0
001004fc T __aeabi_ldivmod
001005d0 T __aeabi_uldivmod
00100628 00000390 T strcmp
001009b0 t __do_global_dtors_aux
001009f0 t frame_dummy
00100a1c 000000bc t ensureSelectionIsVisible
00100ad8 00000378 t setupListItems
00100e50 00000688 T main
001014d8 00000044 t C2Di_FrameEndHook
00101520 0000036c T C2D_Init
0010188c 0000004c T C2D_Fini
001018d8 000000b8 T C2D_Prepare
00101990 00000048 T C2D_Flush
001019d8 00000104 T C2D_SceneSize
00101adc 00000058 T C2D_CreateScreenTarget
00101b34 00000064 T C2D_TargetClear
00101b98 00000058 T C2Di_AppendQuad
00101bf0 00000040 T C2Di_AppendVtx
00101c30 00000550 T C2Di_Update
00102180 00000158 T C2D_DrawRectangle
001022d8 00000018 t C2Di_GlyphComp
001022f0 00000140 t C2Di_CalcLineWidths
00102430 000001dc T C2D_TextBufNew
0010260c 00000004 T C2D_TextBufDelete
00102610 0000000c T C2D_TextBufClear
0010261c 000001c8 T C2D_TextFontParseLine
001027e4 000000a8 T C2D_TextFontParse
0010288c 00000014 T C2D_TextParse
001028a0 00000030 T C2D_TextOptimize
001028d0 00000f6c T C2D_DrawText
0010383c 00000044 T C2D_FontGlyphIndexFromCodePoint
00103880 00000078 T C2D_FontCalcGlyphPos
001038f8 00000028 T AttrInfo_Init
00103920 00000094 T AttrInfo_AddLoader
001039b4 00000054 T C3D_SetAttrInfo
00103a08 00000080 T C3Di_AttrInfoBind
00103a88 00000004 W C3Di_LightEnvUpdate
00103a8c 00000004 W C3Di_LightEnvDirty
00103a90 000000b4 t C3Di_AptEventHook
00103b44 00000004 W C3Di_GasUpdate
00103b48 000001d0 T C3D_Init
00103d18 00000098 T C3D_SetViewport
00103db0 000004e8 T C3Di_UpdateContext
00104298 000000e0 T C3Di_SplitFrame
00104378 00000044 T C3D_Fini
001043bc 00000194 T C3D_BindProgram
00104550 00000024 T BufInfo_Init
00104574 00000080 T BufInfo_Add
001045f4 0000003c T C3D_SetBufInfo
00104630 00000048 T C3Di_BufInfoBind
00104678 0000021c T C3D_DrawElements
00104894 00000040 T C3D_DepthMap
001048d4 0000001c T C3D_CullFace
001048f0 00000040 T C3D_StencilTest
00104930 00000024 T C3D_StencilOp
00104954 0000001c T C3D_BlendingColor
00104970 00000024 T C3D_EarlyDepthTest
00104994 0000002c T C3D_DepthTest
001049c0 0000002c T C3D_AlphaTest
001049ec 00000050 T C3D_AlphaBlend
00104a3c 00000030 T C3D_FragOpMode
00104a6c 00000044 T C3D_FragOpShadow
00104ab0 000001ac T C3Di_EffectBind
00104c5c 0000001c T C3D_CalcColorBufSize
00104c78 0000001c T C3D_CalcDepthBufSize
00104c94 00000044 T C3D_SetFrameBuf
00104cd8 0000016c T C3Di_FrameBufBind
00104e44 000000c8 T C3D_FrameBufClear
00104f0c 00000044 T C3D_FrameBufTransfer
00104f50 000000a8 T C3D_ImmSendAttrib
00104ff8 00000070 T C3D_ProcTexInit
00105068 00000054 T C3D_ProcTexBind
001050bc 0000005c T C3D_ProcTexLutBind
00105118 000000a4 T ProcTexLut_FromArray
001051bc 00000178 T C3Di_ProcTexUpdate
00105334 00000068 T C3Di_ProcTexDirty
0010539c 0000004c t onVBlank0
001053e8 0000004c t onVBlank1
00105434 00000080 t C3Di_RenderTargetDestroy
001054b4 000000f4 t onQueueFinish
001055a8 00000038 T C3Di_RenderQueueEnableVBlank
001055e0 00000030 T C3Di_RenderQueueDisableVBlank
00105610 00000060 T C3Di_RenderQueueInit
00105670 000000b4 T C3Di_RenderQueueExit
00105724 00000034 T C3Di_RenderQueueWaitDone
00105758 000000e8 T C3D_FrameBegin
00105840 00000048 T C3D_FrameDrawOn
00105888 00000058 T C3D_FrameSplit
001058e0 000001d0 T C3D_FrameEnd
00105ab0 0000001c T C3D_FrameEndHook
00105acc 00000170 T C3D_RenderTargetCreate
00105c3c 000000a8 T C3D_RenderTargetSetOutput
00105ce4 00000034 T C3D_GetTexEnv
00105d18 00000024 T C3Di_TexEnvBind
00105d3c 00000044 T C3D_TexBind
00105d80 0000014c T C3Di_SetTex
00105ecc 00000290 T C3D_UpdateUniforms
0010615c 000000c0 T C3Di_DirtyUniforms
0010621c 000000d8 T C3Di_LoadShaderUniforms
001062f4 00000028 T C3Di_ClearShaderUniforms
0010631c 000000cc T Mtx_Ortho
001063e8 000000cc T Mtx_OrthoTilt
001064b4 00000024 t addrMapNodeComparator(rbtree_node const*, rbtree_node const*)
001064d8 00000004 t addrMapNodeDestructor(rbtree_node*)
001064dc 00000120 T linearMemAlign
001065fc 00000008 T linearAlloc
00106604 0000005c T linearFree
00106660 00000084 T MemPool::CoalesceRight(MemBlock*)
001066e4 00000150 T MemPool::Allocate(MemChunk&, unsigned long, int)
00106834 000000fc T MemPool::Deallocate(MemChunk const&)
00106930 00000030 T MemPool::GetFreeSpace()
00106960 00000024 t addrMapNodeComparator(rbtree_node const*, rbtree_node const*)
00106984 00000004 t addrMapNodeDestructor(rbtree_node*)
00106988 00000244 T vramMemAlignAt
00106bcc 0000000c T vramAlloc
00106bd8 0000000c T vramAllocAt
00106be4 00000090 T vramFree
00106c74 00000094 T fontEnsureMapped
00106d08 00000100 T fontGlyphIndexFromCodePoint
00106e08 000001ec T fontCalcGlyphPos
00106ff4 000000d0 t gfxPresentFramebuffer
001070c4 0000001c T gfxIsWide
001070e0 000000ec T gfxSetScreenFormat
001071cc 000000d8 T gfxInit
001072a4 00000010 T gfxInitDefault
001072b4 000000b4 T gfxExit
00107368 000000a0 T gfxGetFramebuffer
00107408 00000030 T gfxScreenSwapBuffers
00107438 00000074 T osConvertVirtToPhys
001074ac 00000054 T osGetTimeRef
00107500 000000ec T osGetTime
001075ec 00000034 T __ctru_speedup_config
00107620 00000008 t romfs_close
00107628 000000c4 t romfs_seek
001076ec 00000024 t romfs_dirreset
00107710 000000c8 t fill_dir
001077d8 000002a8 t romfs_dirnext
00107a80 00000074 t romfs_free
00107af4 000000d4 t searchForFile.constprop.0
00107bc8 000000d8 t searchForDir.constprop.0
00107ca0 000001c0 t navigateToDir.constprop.0
00107e60 0000010c t romfs_open
00107f6c 0000004c t romfs_chdir
00107fb8 00000070 t romfs_diropen
00108028 00000174 t romfs_stat
0010819c 00000008 t romfs_dirclose
001081a8 00000084 t romfs_fstat
0010822c 000000d0 t romfs_read
001082fc 0000028c T romfsMountFromFile
00108588 00000098 T romfsMountFromCurrentProcess
00108620 00000260 T romfsMountSelf
00108880 000000a4 T romfsUnmount
00108924 0000013c T GPUCMD_Add
00108a60 000000b0 T GPUCMD_Split
00108b10 00000034 T f32tof16
00108b44 00000034 T f32tof24
00108b78 00000038 T f32tof31
00108bb0 00000010 T GX_BindQueue
00108bc0 00000078 T GX_ProcessCommandList
00108c38 00000074 T GX_MemoryFill
00108cac 00000070 T GX_DisplayTransfer
00108d1c 00000068 t gxCmdQueueDoCommands.part.0
00108d84 000000c8 T gxCmdQueueInterrupt
00108e4c 0000004c T gxCmdQueueClear
00108e98 000000f8 T gxCmdQueueAdd
00108f90 00000080 T gxCmdQueueRun
00109010 00000060 T gxCmdQueueStop
00109070 0000008c T gxCmdQueueWait
001090fc 000001d0 T shaderInstanceInit
001092cc 00000018 T shaderInstanceGetUniformLocation
001092e4 0000001c T shaderProgramInit
00109300 00000064 T shaderProgramFree
00109364 00000080 T shaderProgramSetVsh
001093e4 000008d0 T shaderProgramConfigure
00109cb4 000001dc t DVLE_GenerateOutmap.part.0
00109e90 000001b0 T DVLB_ParseFile
0010a040 00000038 T DVLB_Free
0010a078 00000074 T DVLE_GetUniformRegister
0010a0ec 000001b0 t aptConvertScreenForCapture
0010a29c 00000008 W aptDspSleep
0010a2a4 00000004 W aptDspWakeup
0010a2a8 00000004 W aptDspCancel
0010a2ac 00000158 T aptSendCommand
0010a408 00000044 t aptExitProcess
0010a44c 00000380 T aptExit
0010a7cc 000000d8 T aptHandleSleep
0010a8a4 00000030 T aptHook
0010a8d4 00000030 T aptUnhook
0010a904 00000084 T APT_SleepIfShellClosed
0010a988 00000078 T aptSetSleepAllowed
0010aa00 00000084 T APT_UnlockTransition
0010aa88 00000478 t aptEventHandler
0010af00 000000b0 T APT_ReceiveParameter
0010afb0 000000ac t aptReceiveParameter.constprop.0
0010b060 00000294 t aptScreenTransfer
0010b2f4 000002c8 t aptWaitForWakeUp.isra.0
0010b5bc 000000f4 T aptJumpToHomeMenu
0010b6b0 00000048 T aptMainLoop
0010b6f8 0000022c T aptInit
0010b924 0000007c T APT_CheckNew3DS
0010b9a0 00000048 T APT_GetSharedFont
0010b9e8 000000a4 T cfguInit
0010ba8c 0000003c T cfguExit
0010bac8 000000d0 T fsInit
0010bb98 0000003c T fsExit
0010bbd4 00000060 T fsExemptFromSession
0010bc34 00000050 T fsUnexemptFromSession
0010bc84 000000cc T FSUSER_OpenFile
0010bd50 000000d4 T FSUSER_OpenFileDirectly
0010be24 000000bc T FSUSER_DeleteFile
0010bee0 000000f8 T FSUSER_RenameFile
0010bfd8 000000bc T FSUSER_DeleteDirectory
0010c094 000000d4 T FSUSER_CreateFile
0010c168 000000c4 T FSUSER_CreateDirectory
0010c22c 000000f8 T FSUSER_RenameDirectory
0010c324 000000b4 T FSUSER_OpenDirectory
0010c3d8 00000094 T FSUSER_OpenArchive
0010c46c 0000008c T FSUSER_CloseArchive
0010c4f8 00000074 T FSUSER_GetSdmcArchiveResource
0010c56c 00000064 T FSUSER_IsSdmcWritable
0010c5d0 00000058 T FSFILE_Read
0010c628 00000060 T FSFILE_Write
0010c688 00000038 T FSFILE_GetSize
0010c6c0 00000028 T FSFILE_SetSize
0010c6e8 0000003c T FSFILE_Close
0010c724 00000024 T FSFILE_Flush
0010c748 00000050 T FSDIR_Read
0010c798 0000003c T FSDIR_Close
0010c7d4 00000c70 t gspHardwareInit
0010d444 00000248 T gspInit
0010d68c 000000e4 T gspExit
0010d770 00000010 T gspHasGpuRight
0010d780 000000a0 T gspPresentBuffer
0010d820 00000030 T gspSetEventCallback
0010d850 00000044 T gspWaitForEvent
0010d894 0000004c T gspWaitForAnyEvent
0010d8e0 00000160 t gspEventThreadMain
0010da40 00000130 T gspSubmitGxCommand
0010db70 00000050 T GSPGPU_FlushDataCache
0010dbc0 00000034 T GSPGPU_SetLcdForceBlack
0010dbf4 00000068 T GSPGPU_AcquireRight
0010dc5c 00000048 T GSPGPU_ReleaseRight
0010dca4 0000007c T GSPGPU_ImportDisplayCaptureInfo
0010dd20 0000002c T GSPGPU_SaveVramSysArea
0010dd4c 0000002c T GSPGPU_RestoreVramSysArea
0010dd78 00000024 W hidShouldUseIrrst
0010dd9c 0000018c T hidInit
0010df28 000000e8 T hidExit
0010e010 000002a4 T hidScanInput
0010e2b4 00000010 T hidKeysDown
0010e2c4 00000160 T irrstInit
0010e424 000000cc T irrstExit
0010e4f0 000000b4 T irrstScanInput
0010e5a4 00000024 T irrstKeysHeld
0010e5c8 00000074 T ptmSysmInit
0010e63c 0000003c T ptmSysmExit
0010e678 00000034 T PTMSYSM_ConfigureNew3DSCPU
0010e6ac 00000074 T qtmcInit
0010e720 0000003c T qtmcExit
0010e75c 00000074 T rbtree_find
0010e7d0 00000010 T rbtree_init
0010e7e0 0000019c t do_insert
0010e97c 00000008 T rbtree_insert
0010e984 00000310 T rbtree_remove
0010ec94 00000090 T rbtree_rotate
0010ed24 0000013c T decode_utf8
0010ee60 000000e8 T utf16_to_utf8
0010ef48 000000c0 T utf8_to_utf16
0010f008 000001e0 W __system_allocateHeaps
0010f1e8 00000038 W __libctru_init
0010f220 00000160 W __system_initArgv
0010f380 00000030 T __syscall_getreent
0010f3b0 00000064 T __syscall_gettod_r
0010f414 00000004 T __syscall_lock_acquire
0010f418 00000004 T __syscall_lock_release
0010f41c 00000004 T __syscall_lock_acquire_recursive
0010f420 00000004 T __syscall_lock_release_recursive
0010f424 00000004 T __syscall_exit
0010f428 00000050 T initThreadVars
0010f478 00000080 T __system_initSyscalls
0010f4f8 T svcControlMemory
0010f518 T svcQueryMemory
0010f548 T svcExitProcess
0010f550 T svcCreateThread
0010f570 T svcExitThread
0010f578 T svcSleepThread
0010f580 T svcReleaseMutex
0010f588 T svcCreateEvent
0010f59c T svcSignalEvent
0010f5a4 T svcClearEvent
0010f5ac T svcMapMemoryBlock
0010f5b4 T svcUnmapMemoryBlock
0010f5bc T svcCreateAddressArbiter
0010f5d0 T svcArbitrateAddressNoTimeout
0010f5d8 T svcCloseHandle
0010f5e0 T svcWaitSynchronization
0010f5e8 T svcWaitSynchronizationN
0010f610 T svcDuplicateHandle
0010f624 T svcGetSystemTick
0010f62c T svcConnectToPort
0010f640 T svcSendSyncRequest
0010f648 T svcGetResourceLimit
0010f65c T svcGetResourceLimitLimitValues
0010f664 T svcGetResourceLimitCurrentValues
0010f66c T svcBreak
0010f674 T __aeabi_read_tp
0010f680 W initSystem
0010f6d0 W __ctru_exit
0010f6e4 00000084 W envGetHandle
0010f768 00000050 W envDestroyHandles
0010f7b8 0000012c T srvInit
0010f8e4 00000058 T srvExit
0010f93c 00000060 T srvEnableNotification
0010f99c 000000a0 T srvGetServiceHandleDirect
0010fa3c 00000038 T srvGetServiceHandle
0010fa74 00000034 T srvSubscribe
0010faa8 00000060 T srvReceiveNotification
0010fb08 00000038 T srvPublishToSubscriber
0010fb40 0000000c T __sync_init
0010fb4c 00000018 T __sync_fini
0010fb64 0000002c T syncArbitrateAddress
0010fb90 000000b0 T LightLock_Lock
0010fc40 00000040 T LightLock_Unlock
0010fc80 00000030 T RecursiveLock_Lock
0010fcb0 00000054 T RecursiveLock_Unlock
0010fd04 00000040 T LightEvent_Init
0010fd44 000000a4 T LightEvent_Clear
0010fde8 000000c8 T LightEvent_Signal
0010feb0 00000050 T LightEvent_TryWait
0010ff00 000000a0 T LightEvent_Wait
0010ffa0 000001d4 T threadCreate
00110174 0000002c T threadFree
001101a0 00000024 T threadJoin
001101c4 00000030 T threadGetCurrent
001101f4 00000040 T threadExit
00110234 00000020 t _thread_begin
00110254 00000090 t mappableFindAddressWithin
001102e4 00000028 T mappableInit
0011030c 00000080 T mappableAlloc
0011038c 00000004 T mappableFree
00110390 0000000c T srvPmGetSessionHandle
0011039c 0000005c T rbtree_node_next
001103f8 00000064 T decode_utf16
0011045c 00000054 T encode_utf16
001104b0 000000e0 T encode_utf8
00110590 00000030 W __appExit
001105c0 00000030 W __appInit
001105f0 00000090 W __libctru_exit
00110680 00000014 t archive_link
00110694 00000014 t archive_dirreset
001106a8 00000014 t archive_chmod
001106bc 00000024 t error_cmp
001106e0 00000050 t archive_translate_error
00110730 000000c4 t archive_seek
001107f4 00000078 t _archiveInit.part.0
0011086c 000000c4 t archiveFindDevice.part.0
00110930 00000290 t archive_utf16path
00110bc0 0000009c t _archiveUnmountDeviceStruct.part.0
00110c5c 00000014 t archive_statvfs
00110c70 00000014 t archive_fchmod
00110c84 00000168 t _archiveMountDevice
00110dec 000000e8 t archive_diropen
00110ed4 000000a4 t archive_fstat
00110f78 0000006c t archive_fsync
00110fe4 0000006c t archive_close
00111050 00000070 t archive_dirclose
001110c0 000000e4 t sdmc_statvfs
001111a4 000000ec t archive_chdir
00111290 0000007c t archive_ftruncate
0011130c 000000ac t archive_read
001113b8 000000a4 t archive_unlink
0011145c 000000bc t archive_rmdir
00111518 000000dc t archive_mkdir
001115f4 00000194 t archive_stat
00111788 0000015c t archive_dirnext
001118e4 00000124 t archive_write
00111a08 00000210 t archive_open
00111c18 00000268 t archive_rename
00111e80 0000019c T archiveMountSdmc
0011201c 00000054 T archiveUnmountAll
00112070 00000054 T fmaxf
001120c4 000000c0 T ceilf
00112184 000000c0 T floorf
00112244 0000005c T __fpclassifyf
001122a0 00000120 T __udivmoddi4
001123c0 000000d8 T strncmp
00112498 00000130 T strchr
001125c8 0000005c T strlen
00112624 000000d4 T memcmp
001126f8 000001e4 t _strtoul_l.isra.0
001128dc 00000034 T strtoul
00112910 000000e4 T strncat
001129f4 00000078 T bsearch
00112a6c 00000020 T calloc
00112a8c 00000048 T strrchr
00112ad4 0000096c T qsort
00113440 00000148 T _fclose_r
00113588 000000c0 T _calloc_r
00113648 00000144 T __smakebuf_r
0011378c 00000018 T strdup
001137a4 00000020 T memalign
001137c4 0000001c t stdio_exit_handler
001137e0 0000005c t cleanup_stdio
0011383c 00000154 t global_stdio_init.part.0
00113990 0000005c T __sinit
001139ec 0000000c T __sfp_lock_acquire
001139f8 0000000c T __sfp_lock_release
00113a04 000007e8 T _malloc_r
001141ec 00000064 T strcasecmp
00114250 000000f8 T _malloc_trim_r
00114348 00000300 T _free_r
00114648 0000004c T strnlen
00114694 0000000c T __errno
001146a0 00000034 T malloc
001146d4 00000018 T free
001146ec 00000130 T memcpy
0011481c 0000004c T time
00114868 00000128 t critical_factorization
00114990 0000035c t two_way_long_needle
00114cec 0000023c T strstr
00114f28 000000e8 T memset
00115010 000004a4 T _realloc_r
001154b4 00000044 T _strdup_r
001154f8 00000070 T _fwalk_sglue
00115568 0000000c T __malloc_lock
00115574 0000000c T __malloc_unlock
00115580 00000004 W __call_exitprocs
00115584 00000030 T exit
001155b4 000000d4 T snprintf
00115688 000000c4 T strncpy
0011574c 000001e0 T _perror_r
0011592c 00000018 T perror
00115944 00000084 T __libc_init_array
001159c8 00000228 T __sflush_r
00115bf0 00000094 T _fflush_r
00115c84 00000160 T memmove
00115de4 00000414 T _strerror_r
001161f8 00000008 T _user_strerror
00116200 00000150 T _memalign_r
00116350 0000003c T __libc_fini_array
0011638c 00000044 T __sread
001163d0 00000068 T __swrite
00116438 00000040 T __sseek
00116478 00000008 T __sclose
00116480 000005e4 t get_arg
00116a68 0000335c T _svfprintf_r
00119dc4 000000ac T fileno
00119e70 00000028 T _wcsrtombs_r
00119e98 00000088 T frexp
00119f20 00000024 T __locale_mb_cur_max
00119f44 000000a4 T __ssprint_r
00119fe8 000000e0 T memchr
0011a0c8 00000160 T _wcsnrtombs_l
0011a228 00000064 T _wcsnrtombs_r
0011a28c 00000324 T __utf8_mbtowc
0011a5b0 00000024 T _localeconv_r
0011a5d4 000001b4 t quorem
0011a788 00001370 T _dtoa_r
0011baf8 000000a0 T _wcrtomb_r
0011bb98 00000128 T __ssputs_r
0011bcc0 000000f0 T __utf8_wctomb
0011bdb0 0000005c T __assert_func
0011be0c 00000088 T _Balloc
0011be94 0000001c T _Bfree
0011beb0 000000f4 T __multadd
0011bfa4 00000080 T __hi0bits
0011c024 000000f4 T __lo0bits
0011c118 000000a4 T __i2b
0011c1bc 00000208 T __multiply
0011c3c4 00000130 T __pow5mult
0011c4f4 00000138 T __lshift
0011c62c 00000058 T __mcmp
0011c684 000001f0 T __mdiff
0011c874 00000120 T __d2b
0011c994 0000003c T fiprintf
0011c9d0 00000014 T abort
0011c9e4 00000090 T _raise_r
0011ca74 00000018 T raise
0011ca8c 000005e4 t get_arg
0011d070 00002264 T _vfiprintf_r
0011f2d4 000000b8 t __sbprintf
0011f38c 00000030 T __sprint_r
0011f3bc 00000194 T __swsetup_r
0011f550 00000480 T __sfvwrite_r
0011f9d0 00000020 T _exit
0011f9f0 0000013c T chdir
0011fb2c 000001cc T _concatenate_path
0011fcf8 00000068 t __dirnext
0011fd60 000000f4 T opendir
0011fe54 00000090 T closedir
0011fee4 000000ec T readdir_r
0011ffd0 00000040 T readdir
00120010 00000088 T _fstat_r
00120098 00000014 T _getpid_r
001200ac 0000002c T __getreent
001200d8 00000030 T _gettimeofday_r
00120108 0000003c T __get_handle
00120144 000000f4 T _close_r
00120238 00000008 t null_write
00120240 00000018 T setDefaultDevice
00120258 000000c8 T FindDevice
00120320 00000028 T RemoveDevice
00120348 00000098 T AddDevice
001203e0 00000020 T GetDeviceOpTab
00120400 00000008 T _isatty_r
00120408 00000014 T _kill_r
0012041c 0000008c T _lseek_r
001204a8 00000088 T _read_r
00120530 00000078 W _sbrk_r
001205a8 0000001c T __libc_lock_acquire
001205c4 0000001c T __libc_lock_release
001205e0 0000001c T __libc_lock_acquire_recursive
001205fc 0000001c T __libc_lock_release_recursive
00120618 00000088 T _write_r
001206a0 T _fini
00121960 r .LC2
00121a40 R render2d_shbin
00121bcc R render2d_shbin_end
00121bcc R render2d_shbin_size
00121bd0 00000004 r depthFmtSizes
00121bd4 00000005 r colorFmtSizes
00121bdc 00000010 r CSWTCH.11
00121bec 00000080 r romFS_devoptab
00121c94 00000008 r morton_y.2
00121c9c 00000008 r morton_x.3
00121ca4 00000008 r s_sleepWakeEvents.4
00121cac 00000030 r error_table
00121cdc 00000080 r archive_devoptab
00121d5c 00000101 R _ctype_
001220a4 00000010 r zeroes.0
001220b4 00000010 r blanks.1
001220c4 0000006c R __action_table
00122130 0000006c R __state_table
0012219c 00000100 R __chclass
001222a4 0000000c r p05.0
001222b0 00000028 R __mprec_bigtens
001222d8 000000c8 R __mprec_tens
0012248c 00000010 r zeroes.0
0012249c 00000010 r blanks.1
001224ac 00000080 R dotab_stdnull
0012252c R __tdata_align
00122530 r __EH_FRAME_BEGIN__
00122530 R __exidx_end
00122530 R __exidx_start
00123000 00000004 D g_selectedIndex
00123004 00000008 d framerateCounter
0012300c 00000004 d framerate
00123010 00000004 d queueLock
00123014 00000004 d aptChainloadDeliverArgSize
00123018 00000004 d kCount
0012301c 00000004 d kInterval
00123020 00000004 d kDelay
00123024 W __stacksize__
00123028 00000004 D _impure_ptr
00123030 00000120 D _impure_data
00123150 0000000c D __sglue
0012315c 00000004 D __malloc_sbrk_base
00123160 00000004 D __malloc_trim_threshold
00123168 00000408 D __malloc_av_
00123570 0000016c D __global_locale
001236dc 00000400 d _current_working_directory
00123ae0 00001000 d handles
00124ae0 0000000c d __stderr_handle
00124aec 0000000c d __stdout_handle
00124af8 0000000c d __stdin_handle
00124b04 0000008c D devoptab_list
00124b90 00000004 d defaultDevice
00124b9c d _GLOBAL_OFFSET_TABLE_
00124ba8 d __frame_dummy_init_array_entry
00124ba8 D __init_array_start
00124ba8 B __preinit_array_end
00124ba8 B __preinit_array_start
00124ba8 D __tdata_lma
00124ba8 D __tdata_lma_end
00124bac d __do_global_dtors_aux_fini_array_entry
00124bac D __fini_array_start
00124bac D __init_array_end
00124bb0 D __bss_start__
00124bb0 D __fini_array_end
00124bb0 00000004 B g_actualNumListItems
00124bb4 00000004 B g_maxScrollPixelOffset
00124bb8 00000004 B g_scrollPixelOffset
00124bbc 00000004 B g_staticBuf
00124bc0 00000004 B g_dynamicBuf
00124bc4 0000001c B g_pearPlayerText
00124be0 00000004 B g_totalListHeight
00124be4 00001000 B g_listItems
00125be4 b completed.1
00125be8 b object.0
00125c00 000005a8 B __C2Di_Context
001261a8 00000040 b s_projBot
001261e8 00000040 b s_projTop
00126228 00000004 b uLoc_mdlvMtx
0012622c 00000004 b uLoc_projMtx
00126230 00000004 b s_glyphSheets
00126234 00000004 b s_textScale
00126238 0000000c b hookCookie
00126248 000002d0 B __C3D_Context
00126518 00000004 b frameEndCbData
0012651c 00000004 b frameEndCb
00126520 00000008 b frameCounter
00126528 00000001 b isTopStereo
00126529 00000001 b needSwapBot
0012652a 00000001 b needSwapTop
0012652b 00000001 b measureGpuTime
0012652c 00000001 b inSafeTransfer
0012652d 00000001 b inFrame
00126530 00000010 b cpuTime
00126540 00000010 b gpuTime
00126550 0000000c b linkedTarget
0012655c 00000004 b lastTarget
00126560 00000004 b firstTarget
00126564 00000008 b C3Di_IVUnifEverDirty
0012656c 000000c0 b C3Di_FVUnifEverDirty
0012662c 00000018 b C3Di_ShaderFVecData
00126644 00000002 B C3D_BoolUnifsDirty
00126648 00000008 B C3D_IVUnifDirty
00126650 000000c0 B C3D_FVUnifDirty
00126710 00000004 B C3D_BoolUnifs
00126714 00000020 B C3D_IVUnif
00126734 00000c00 B C3D_FVUnif
00127338 00000008 b sLinearPool
00127340 0000000c b sAddrMap
00127350 00000008 b sVramPoolB
00127358 00000008 b sVramPoolA
00127360 0000000c b sAddrMap
0012736c 00000004 b sharedFontAddr
00127370 00000004 B g_sharedFont
00127374 00000004 b screenAlloc
00127378 00000004 b screenFree
0012737c 00000002 b gfxIsDoubleBuf
00127380 00000002 b gfxCurBuf
00127382 00000001 b gfxIsVram
00127383 00000001 b gfxTopMode
00127384 00000002 b gfxFramebufferFormats
00127388 00000004 b gfxBottomFramebufferMaxSize
0012738c 00000004 b gfxTopFramebufferMaxSize
00127390 00000008 b gfxBottomFramebuffers
00127398 00000008 b gfxTopFramebuffers
001273a0 00000001 V __ctru_speedup
001273a4 00000004 b romfs_mount_list
001273a8 00000004 V __romfs_path
001273ac 00000004 B gpuCmdBufOffset
001273b0 00000004 B gpuCmdBufSize
001273b4 00000004 B gpuCmdBuf
001273b8 00000004 b boundQueue
001273bc 00000001 b shouldStop
001273bd 00000001 b isRunning
001273be 00000001 b isActive
001273c0 00000004 b curQueue
001273c4 00000001 b flagValue.0
001273c5 00000001 b flagInit.1
001273c8 00000004 b serviceName.6
001273cc 00000001 b aptChainloadFlags
001273cd 00000001 b aptChainloadMediatype
001273d0 00000020 b aptChainloadHmac
001273f0 00000300 b aptChainloadDeliverArg
001276f0 00000008 b aptChainloadTid
001276f8 00001000 b aptParameters
001286f8 00000004 b aptFlags
001286fc 00000001 b aptHomeButtonState
00128700 00000004 b aptMessageFuncData
00128704 00000004 b aptMessageFunc
00128708 0000000c b aptFirstHook
00128714 00000001 b aptEventHandlerThreadQuit
00128718 00000004 b aptEventHandlerThread
0012871c 00000008 b aptSleepEvent
00128724 00000008 b aptReceiveEvent
0012872c 00000008 b aptEvents
00128734 00000004 b aptLockHandle
00128738 00000004 b aptRefCount
0012873c 00000004 b cfguRefCount
00128740 00000004 b cfguHandle
00128748 00000080 b fsExemptArchives
001287c8 00000004 b fsuRefCount
001287cc 00000004 b fsuHandle
001287d0 00000007 b gspEventCbOneShot
001287d8 0000001c b gspEventCbData
001287f4 0000001c b gspEventCb
00128810 00000038 b gspEvents
00128848 00000004 b gspLastEvent
0012884c 00000001 b gspRunEvents
00128850 00000004 b gspEventThread
00128854 00000004 b gspEvent
00128858 00000001 b gspGpuRight
00128859 00000001 b gspThreadId
0012885c 00000004 b gspSharedMem
00128860 00000004 b gspSharedMemHandle
00128864 00000004 b gspRefCount
00128868 00000004 b gspGpuHandle
0012886c 00000001 b usingIrrst
00128870 00000004 b hidRefCount
00128874 00000006 b gRate
0012887c 00000006 b aVec
00128884 00000004 b cPos
00128888 00000004 b tPos
0012888c 00000004 b kRepeat
00128890 00000004 b kUp
00128894 00000004 b kDown
00128898 00000004 b kHeld
0012889c 00000004 b kOld
001288a0 00000004 B hidSharedMem
001288a4 00000014 B hidEvents
001288b8 00000004 B hidMemHandle
001288bc 00000004 B hidHandle
001288c0 00000004 b irrstRefCount
001288c4 00000004 b csPos
001288c8 00000004 b kHeld
001288cc 00000004 B irrstSharedMem
001288d0 00000004 B irrstEvent
001288d4 00000004 B irrstMemHandle
001288d8 00000004 B irrstHandle
001288dc 00000004 b ptmSysmRefCount
001288e0 00000004 b ptmSysmHandle
001288e4 00000004 b qtmcRefCount
001288e8 00000004 b qtmcHandle
001288ec 00000004 V __ctru_linear_heap_size
001288f0 00000004 V __ctru_heap_size
001288f4 00000004 B __ctru_linear_heap
001288f8 00000004 B __ctru_heap
001288fc 00000004 B __system_retAddr
00128900 00000004 B __system_argv
00128904 00000004 B __system_argc
00128908 b saved_stack
00128910 00000004 B __3dslink_host
00128914 00000004 b srvRefCount
00128918 00000004 b srvHandle
0012891c 00000004 b arbiter
00128920 00000004 b currentAddr
00128924 00000004 b maxAddr
00128928 00000004 b minAddr
0012892c 00000004 b srvPmHandle
00128930 000005c0 b archive_devices
00128ef0 00000004 b archive_device_cwd
00128ef4 00000001 b archive_initialized
00128ef8 0000000c b __sfp_recursive_mutex
00128f08 00000168 B __sf
00129070 00000004 B __stdio_exit_handler
00129074 00000028 B __malloc_current_mallinfo
0012909c 00000004 B __malloc_max_total_mem
001290a0 00000004 B __malloc_max_sbrked_mem
001290a4 00000004 B __malloc_top_pad
001290a8 0000000c b __malloc_recursive_mutex
001290b4 00000400 b temp_cwd
001294b4 00000004 b __hndl_lock
001294b8 00000004 B fake_heap_start
001294bc 00000004 B fake_heap_end
001294c0 00000004 b heap_start.0
001294c4 B __tls_start
0012a0cc B __bss_end__
0012a0cc A __end__
0012a0cc B __tls_end
